app/build/intermediates/manifest_merge_blame_file/debug/manifest-merger-blame-debug-report.txt
1<?xml version="1.0" encoding="utf-8"?>
2<manifest xmlns:android="http://schemas.android.com/apk/res/android"
3    package="com.android.internshipprogram"
4    android:versionCode="1"
5    android:versionName="1.0" >
6
7    <uses-sdk
8        android:minSdkVersion="19"
8-->src/main/AndroidManifest.xml
9        android:targetSdkVersion="30" />
9-->src/main/AndroidManifest.xml
10
11    <application
11-->src/main/AndroidManifest.xml:5:5-24:19
12        android:allowBackup="true"
12-->src/main/AndroidManifest.xml:6:9-35
13        android:appComponentFactory="androidx.core.app.CoreComponentFactory"
13-->[androidx.core:core:1.6.0-alpha03] AndroidManifest.xml:24:18-86
14        android:debuggable="true"
15        android:icon="@mipmap/ic_launcher"
15-->src/main/AndroidManifest.xml:7:9-43
16        android:label="InternshipProgram"
16-->src/main/AndroidManifest.xml:8:9-42
17        android:roundIcon="@mipmap/ic_launcher_round"
17-->src/main/AndroidManifest.xml:9:9-54
18        android:supportsRtl="true"
18-->src/main/AndroidManifest.xml:10:9-35
19        android:testOnly="true"
20        android:theme="@style/Theme.InternshipProgram" >
20-->src/main/AndroidManifest.xml:11:9-55
21        <activity android:name="com.android.internshipprogram.j.DL1MainActivity" />
21-->src/main/AndroidManifest.xml:13:9-64
21-->src/main/AndroidManifest.xml:13:19-52
22        <activity android:name="com.android.internshipprogram.egroup.AadhaarVerification" />
22-->src/main/AndroidManifest.xml:15:9-73
22-->src/main/AndroidManifest.xml:15:19-61
23        <activity android:name="com.android.internshipprogram.MainActivity" >
23-->src/main/AndroidManifest.xml:16:9-23:20
23-->src/main/AndroidManifest.xml:16:19-47
24            <intent-filter>
24-->src/main/AndroidManifest.xml:18:13-22:29
25                <action android:name="android.intent.action.MAIN" />
25-->src/main/AndroidManifest.xml:19:17-69
25-->src/main/AndroidManifest.xml:19:25-66
26
27                <category android:name="android.intent.category.LAUNCHER" />
27-->src/main/AndroidManifest.xml:21:17-77
27-->src/main/AndroidManifest.xml:21:27-74
28            </intent-filter>
29        </activity>
30    </application>
31
32</manifest>